
=== Fri Apr  4 05:48:56 2025

Packages were changed.
Update Mode: mergeDefaultDependencies

The following packages were added:
  com.unity.modules.ai@1.0.0
  com.unity.modules.androidjni@1.0.0
  com.unity.modules.animation@1.0.0
  com.unity.modules.assetbundle@1.0.0
  com.unity.modules.audio@1.0.0
  com.unity.modules.cloth@1.0.0
  com.unity.modules.director@1.0.0
  com.unity.modules.imageconversion@1.0.0
  com.unity.modules.imgui@1.0.0
  com.unity.modules.jsonserialize@1.0.0
  com.unity.modules.particlesystem@1.0.0
  com.unity.modules.physics@1.0.0
  com.unity.modules.physics2d@1.0.0
  com.unity.modules.screencapture@1.0.0
  com.unity.modules.terrain@1.0.0
  com.unity.modules.terrainphysics@1.0.0
  com.unity.modules.tilemap@1.0.0
  com.unity.modules.ui@1.0.0
  com.unity.modules.uielements@1.0.0
  com.unity.modules.umbra@1.0.0
  com.unity.modules.unityanalytics@1.0.0
  com.unity.modules.unitywebrequest@1.0.0
  com.unity.modules.unitywebrequestassetbundle@1.0.0
  com.unity.modules.unitywebrequestaudio@1.0.0
  com.unity.modules.unitywebrequesttexture@1.0.0
  com.unity.modules.unitywebrequestwww@1.0.0
  com.unity.modules.vehicles@1.0.0
  com.unity.modules.video@1.0.0
  com.unity.modules.vr@1.0.0
  com.unity.modules.wind@1.0.0
  com.unity.modules.xr@1.0.0
  com.unity.modules.accessibility@1.0.0
  com.unity.multiplayer.center@1.0.0
The following packages were updated:
  com.unity.ai.navigation from version 2.0.0 to 2.0.6
  com.unity.collab-proxy from version 2.2.0 to 2.7.1
  com.unity.ide.rider from version 3.0.27 to 3.0.31
  com.unity.inputsystem from version 1.8.1 to 1.13.0
  com.unity.render-pipelines.universal from version 17.0.1 to 17.0.4
  com.unity.test-framework from version 1.4.2 to 1.4.6
  com.unity.timeline from version 1.8.6 to 1.8.7
  com.unity.visualscripting from version 1.9.1 to 1.9.5

=== Fri Apr  4 05:51:16 2025

Packages were changed.
Update Mode: updateDependencies

The following packages were updated:
  com.unity.ai.navigation from version 1.1.5 to 2.0.6
  com.unity.animation.rigging from version 1.2.1 to 1.3.0
  com.unity.burst from version 1.8.16 to 1.8.19
  com.unity.ext.nunit from version 1.0.6 to 2.0.5
  com.unity.inputsystem from version 1.7.0 to 1.13.0
  com.unity.learn.iet-framework from version 3.1.3 to 4.0.4
  com.unity.mathematics from version 1.3.1 to 1.3.2
  com.unity.test-framework from version 1.1.33 to 1.4.6
  com.unity.ugui from version 1.0.0 to 2.0.0
The following packages were removed:
  com.unity.textmeshpro@3.0.9

=== Fri Apr  4 05:51:16 2025

Packages were changed.
Update Mode: mergeDefaultDependencies

The following packages were added:
  com.unity.2d.sprite@1.0.0
  com.unity.animation.rigging@1.3.0
  com.unity.burst@1.8.19
  com.unity.cloud.gltfast@6.10.3
  com.unity.device-simulator.devices@1.0.0
  com.unity.editorcoroutines@1.0.0
  com.unity.ext.nunit@2.0.5
  com.unity.learn.iet-framework@4.0.4
  com.unity.mathematics@1.3.2
  com.unity.nuget.newtonsoft-json@3.2.1
  com.unity.settings-manager@2.0.1
  com.unity.modules.subsystems@1.0.0
